{"/home/thachlp/vent2u-mysql/app.js": {"path":"/home/thachlp/vent2u-mysql/app.js","statementMap":{"0":{"start":{"line":1,"column":16},"end":{"line":1,"column":34}},"1":{"start":{"line":2,"column":19},"end":{"line":2,"column":41}},"2":{"start":{"line":3,"column":13},"end":{"line":3,"column":28}},"3":{"start":{"line":4,"column":18},"end":{"line":4,"column":47}},"4":{"start":{"line":5,"column":21},"end":{"line":5,"column":45}},"5":{"start":{"line":6,"column":16},"end":{"line":6,"column":47}},"6":{"start":{"line":7,"column":12},"end":{"line":7,"column":21}},"7":{"start":{"line":8,"column":0},"end":{"line":8,"column":16}},"8":{"start":{"line":10,"column":11},"end":{"line":10,"column":34}},"9":{"start":{"line":12,"column":0},"end":{"line":12,"column":20}},"10":{"start":{"line":13,"column":14},"end":{"line":13,"column":35}},"11":{"start":{"line":15,"column":0},"end":{"line":15,"column":27}},"12":{"start":{"line":17,"column":0},"end":{"line":19,"column":4}},"13":{"start":{"line":20,"column":0},"end":{"line":20,"column":62}},"14":{"start":{"line":22,"column":0},"end":{"line":26,"column":3}},"15":{"start":{"line":23,"column":2},"end":{"line":25,"column":5}},"16":{"start":{"line":28,"column":0},"end":{"line":28,"column":45}},"17":{"start":{"line":29,"column":0},"end":{"line":29,"column":55}},"18":{"start":{"line":30,"column":0},"end":{"line":30,"column":55}},"19":{"start":{"line":31,"column":0},"end":{"line":31,"column":70}},"20":{"start":{"line":32,"column":0},"end":{"line":32,"column":59}},"21":{"start":{"line":34,"column":0},"end":{"line":34,"column":21}}},"fnMap":{"0":{"name":"(anonymous_0)","decl":{"start":{"line":22,"column":13},"end":{"line":22,"column":14}},"loc":{"start":{"line":22,"column":27},"end":{"line":26,"column":1}},"line":22}},"branchMap":{},"s":{"0":4,"1":4,"2":4,"3":4,"4":4,"5":4,"6":4,"7":4,"8":4,"9":4,"10":4,"11":4,"12":4,"13":4,"14":4,"15":1,"16":4,"17":4,"18":4,"19":4,"20":4,"21":4},"f":{"0":1},"b":{},"_coverageSchema":"1a1c01bbd47fc00a2c39e90264f33305004495a9","hash":"f41ea99062494fa1323bb2fb4ef03f2ac27f4996"}
,"/home/thachlp/vent2u-mysql/swagger.options.js": {"path":"/home/thachlp/vent2u-mysql/swagger.options.js","statementMap":{"0":{"start":{"line":2,"column":16},"end":{"line":18,"column":1}},"1":{"start":{"line":19,"column":0},"end":{"line":19,"column":25}}},"fnMap":{},"branchMap":{},"s":{"0":4,"1":4},"f":{},"b":{},"_coverageSchema":"1a1c01bbd47fc00a2c39e90264f33305004495a9","hash":"b10b297eeb8d1f27f0c8f3d2ab2a10510e6306ae"}
,"/home/thachlp/vent2u-mysql/app/controllers/climateZones.controller.js": {"path":"/home/thachlp/vent2u-mysql/app/controllers/climateZones.controller.js","statementMap":{"0":{"start":{"line":2,"column":22},"end":{"line":2,"column":42}},"1":{"start":{"line":4,"column":0},"end":{"line":21,"column":2}},"2":{"start":{"line":7,"column":6},"end":{"line":7,"column":16}},"3":{"start":{"line":8,"column":2},"end":{"line":12,"column":3}},"4":{"start":{"line":9,"column":4},"end":{"line":11,"column":7}},"5":{"start":{"line":14,"column":2},"end":{"line":20,"column":5}},"6":{"start":{"line":15,"column":4},"end":{"line":15,"column":19}},"7":{"start":{"line":17,"column":4},"end":{"line":19,"column":7}},"8":{"start":{"line":23,"column":0},"end":{"line":42,"column":2}},"9":{"start":{"line":24,"column":18},"end":{"line":24,"column":36}},"10":{"start":{"line":25,"column":2},"end":{"line":29,"column":3}},"11":{"start":{"line":26,"column":4},"end":{"line":28,"column":7}},"12":{"start":{"line":31,"column":2},"end":{"line":41,"column":5}},"13":{"start":{"line":36,"column":4},"end":{"line":36,"column":19}},"14":{"start":{"line":38,"column":4},"end":{"line":40,"column":7}},"15":{"start":{"line":44,"column":0},"end":{"line":52,"column":2}},"16":{"start":{"line":45,"column":2},"end":{"line":51,"column":5}},"17":{"start":{"line":46,"column":4},"end":{"line":46,"column":19}},"18":{"start":{"line":48,"column":4},"end":{"line":50,"column":7}},"19":{"start":{"line":54,"column":0},"end":{"line":65,"column":2}},"20":{"start":{"line":57,"column":6},"end":{"line":57,"column":14}},"21":{"start":{"line":58,"column":2},"end":{"line":61,"column":3}},"22":{"start":{"line":59,"column":4},"end":{"line":59,"column":49}},"23":{"start":{"line":60,"column":4},"end":{"line":60,"column":11}},"24":{"start":{"line":62,"column":25},"end":{"line":62,"column":62}},"25":{"start":{"line":63,"column":17},"end":{"line":63,"column":44}},"26":{"start":{"line":64,"column":2},"end":{"line":64,"column":31}},"27":{"start":{"line":67,"column":0},"end":{"line":82,"column":2}},"28":{"start":{"line":70,"column":6},"end":{"line":70,"column":16}},"29":{"start":{"line":71,"column":2},"end":{"line":81,"column":5}},"30":{"start":{"line":76,"column":4},"end":{"line":78,"column":7}},"31":{"start":{"line":80,"column":4},"end":{"line":80,"column":49}}},"fnMap":{"0":{"name":"(anonymous_0)","decl":{"start":{"line":4,"column":29},"end":{"line":4,"column":30}},"loc":{"start":{"line":4,"column":43},"end":{"line":21,"column":1}},"line":4},"1":{"name":"(anonymous_1)","decl":{"start":{"line":14,"column":45},"end":{"line":14,"column":46}},"loc":{"start":{"line":14,"column":55},"end":{"line":16,"column":3}},"line":14},"2":{"name":"(anonymous_2)","decl":{"start":{"line":16,"column":11},"end":{"line":16,"column":12}},"loc":{"start":{"line":16,"column":17},"end":{"line":20,"column":3}},"line":16},"3":{"name":"(anonymous_3)","decl":{"start":{"line":23,"column":33},"end":{"line":23,"column":34}},"loc":{"start":{"line":23,"column":47},"end":{"line":42,"column":1}},"line":23},"4":{"name":"(anonymous_4)","decl":{"start":{"line":35,"column":10},"end":{"line":35,"column":11}},"loc":{"start":{"line":35,"column":20},"end":{"line":37,"column":3}},"line":35},"5":{"name":"(anonymous_5)","decl":{"start":{"line":37,"column":11},"end":{"line":37,"column":12}},"loc":{"start":{"line":37,"column":17},"end":{"line":41,"column":3}},"line":37},"6":{"name":"(anonymous_6)","decl":{"start":{"line":44,"column":18},"end":{"line":44,"column":19}},"loc":{"start":{"line":44,"column":32},"end":{"line":52,"column":1}},"line":44},"7":{"name":"(anonymous_7)","decl":{"start":{"line":45,"column":31},"end":{"line":45,"column":32}},"loc":{"start":{"line":45,"column":41},"end":{"line":47,"column":3}},"line":45},"8":{"name":"(anonymous_8)","decl":{"start":{"line":47,"column":11},"end":{"line":47,"column":12}},"loc":{"start":{"line":47,"column":17},"end":{"line":51,"column":3}},"line":47},"9":{"name":"(anonymous_9)","decl":{"start":{"line":54,"column":25},"end":{"line":54,"column":26}},"loc":{"start":{"line":54,"column":45},"end":{"line":65,"column":1}},"line":54},"10":{"name":"(anonymous_10)","decl":{"start":{"line":67,"column":28},"end":{"line":67,"column":29}},"loc":{"start":{"line":67,"column":48},"end":{"line":82,"column":1}},"line":67},"11":{"name":"(anonymous_11)","decl":{"start":{"line":75,"column":10},"end":{"line":75,"column":11}},"loc":{"start":{"line":75,"column":22},"end":{"line":79,"column":3}},"line":75},"12":{"name":"(anonymous_12)","decl":{"start":{"line":79,"column":11},"end":{"line":79,"column":12}},"loc":{"start":{"line":79,"column":20},"end":{"line":81,"column":3}},"line":79}},"branchMap":{"0":{"loc":{"start":{"line":8,"column":2},"end":{"line":12,"column":3}},"type":"if","locations":[{"start":{"line":8,"column":2},"end":{"line":12,"column":3}},{"start":{"line":8,"column":2},"end":{"line":12,"column":3}}],"line":8},"1":{"loc":{"start":{"line":25,"column":2},"end":{"line":29,"column":3}},"type":"if","locations":[{"start":{"line":25,"column":2},"end":{"line":29,"column":3}},{"start":{"line":25,"column":2},"end":{"line":29,"column":3}}],"line":25},"2":{"loc":{"start":{"line":58,"column":2},"end":{"line":61,"column":3}},"type":"if","locations":[{"start":{"line":58,"column":2},"end":{"line":61,"column":3}},{"start":{"line":58,"column":2},"end":{"line":61,"column":3}}],"line":58}},"s":{"0":4,"1":4,"2":1,"3":1,"4":0,"5":1,"6":1,"7":0,"8":4,"9":1,"10":1,"11":0,"12":1,"13":1,"14":0,"15":4,"16":2,"17":2,"18":0,"19":4,"20":7,"21":7,"22":1,"23":1,"24":6,"25":6,"26":6,"27":4,"28":2,"29":2,"30":2,"31":0},"f":{"0":1,"1":1,"2":0,"3":1,"4":1,"5":0,"6":2,"7":2,"8":0,"9":7,"10":2,"11":2,"12":0},"b":{"0":[0,1],"1":[0,1],"2":[1,6]},"_coverageSchema":"1a1c01bbd47fc00a2c39e90264f33305004495a9","hash":"705b687c9deaff6294ba540f099d8c4a41107d49"}
,"/home/thachlp/vent2u-mysql/app/controllers/presets.controller.js": {"path":"/home/thachlp/vent2u-mysql/app/controllers/presets.controller.js","statementMap":{"0":{"start":{"line":2,"column":17},"end":{"line":2,"column":37}},"1":{"start":{"line":4,"column":0},"end":{"line":19,"column":2}},"2":{"start":{"line":5,"column":23},"end":{"line":5,"column":42}},"3":{"start":{"line":6,"column":2},"end":{"line":10,"column":3}},"4":{"start":{"line":7,"column":4},"end":{"line":9,"column":7}},"5":{"start":{"line":12,"column":2},"end":{"line":18,"column":5}},"6":{"start":{"line":13,"column":4},"end":{"line":13,"column":19}},"7":{"start":{"line":15,"column":4},"end":{"line":17,"column":7}},"8":{"start":{"line":42,"column":0},"end":{"line":50,"column":2}},"9":{"start":{"line":43,"column":2},"end":{"line":49,"column":5}},"10":{"start":{"line":44,"column":4},"end":{"line":44,"column":19}},"11":{"start":{"line":46,"column":4},"end":{"line":48,"column":7}},"12":{"start":{"line":52,"column":0},"end":{"line":68,"column":2}},"13":{"start":{"line":57,"column":6},"end":{"line":57,"column":14}},"14":{"start":{"line":58,"column":2},"end":{"line":67,"column":5}},"15":{"start":{"line":64,"column":4},"end":{"line":64,"column":33}},"16":{"start":{"line":66,"column":4},"end":{"line":66,"column":21}},"17":{"start":{"line":70,"column":0},"end":{"line":85,"column":2}},"18":{"start":{"line":73,"column":6},"end":{"line":73,"column":14}},"19":{"start":{"line":75,"column":21},"end":{"line":75,"column":31}},"20":{"start":{"line":76,"column":2},"end":{"line":84,"column":5}},"21":{"start":{"line":81,"column":4},"end":{"line":81,"column":33}},"22":{"start":{"line":83,"column":4},"end":{"line":83,"column":21}},"23":{"start":{"line":87,"column":0},"end":{"line":100,"column":2}},"24":{"start":{"line":90,"column":6},"end":{"line":90,"column":16}},"25":{"start":{"line":91,"column":2},"end":{"line":95,"column":5}},"26":{"start":{"line":97,"column":2},"end":{"line":99,"column":5}}},"fnMap":{"0":{"name":"(anonymous_0)","decl":{"start":{"line":4,"column":24},"end":{"line":4,"column":25}},"loc":{"start":{"line":4,"column":38},"end":{"line":19,"column":1}},"line":4},"1":{"name":"(anonymous_1)","decl":{"start":{"line":12,"column":37},"end":{"line":12,"column":38}},"loc":{"start":{"line":12,"column":47},"end":{"line":14,"column":3}},"line":12},"2":{"name":"(anonymous_2)","decl":{"start":{"line":14,"column":11},"end":{"line":14,"column":12}},"loc":{"start":{"line":14,"column":17},"end":{"line":18,"column":3}},"line":14},"3":{"name":"(anonymous_3)","decl":{"start":{"line":42,"column":18},"end":{"line":42,"column":19}},"loc":{"start":{"line":42,"column":32},"end":{"line":50,"column":1}},"line":42},"4":{"name":"(anonymous_4)","decl":{"start":{"line":43,"column":26},"end":{"line":43,"column":27}},"loc":{"start":{"line":43,"column":36},"end":{"line":45,"column":3}},"line":43},"5":{"name":"(anonymous_5)","decl":{"start":{"line":45,"column":11},"end":{"line":45,"column":12}},"loc":{"start":{"line":45,"column":17},"end":{"line":49,"column":3}},"line":45},"6":{"name":"(anonymous_6)","decl":{"start":{"line":52,"column":20},"end":{"line":52,"column":21}},"loc":{"start":{"line":52,"column":40},"end":{"line":68,"column":1}},"line":52},"7":{"name":"(anonymous_7)","decl":{"start":{"line":63,"column":14},"end":{"line":63,"column":15}},"loc":{"start":{"line":63,"column":26},"end":{"line":65,"column":3}},"line":63},"8":{"name":"(anonymous_8)","decl":{"start":{"line":65,"column":11},"end":{"line":65,"column":12}},"loc":{"start":{"line":65,"column":20},"end":{"line":67,"column":3}},"line":65},"9":{"name":"(anonymous_9)","decl":{"start":{"line":70,"column":23},"end":{"line":70,"column":24}},"loc":{"start":{"line":70,"column":43},"end":{"line":85,"column":1}},"line":70},"10":{"name":"(anonymous_10)","decl":{"start":{"line":80,"column":43},"end":{"line":80,"column":44}},"loc":{"start":{"line":80,"column":55},"end":{"line":82,"column":3}},"line":80},"11":{"name":"(anonymous_11)","decl":{"start":{"line":82,"column":11},"end":{"line":82,"column":12}},"loc":{"start":{"line":82,"column":20},"end":{"line":84,"column":3}},"line":82},"12":{"name":"(anonymous_12)","decl":{"start":{"line":87,"column":23},"end":{"line":87,"column":24}},"loc":{"start":{"line":87,"column":43},"end":{"line":100,"column":1}},"line":87}},"branchMap":{"0":{"loc":{"start":{"line":6,"column":2},"end":{"line":10,"column":3}},"type":"if","locations":[{"start":{"line":6,"column":2},"end":{"line":10,"column":3}},{"start":{"line":6,"column":2},"end":{"line":10,"column":3}}],"line":6}},"s":{"0":4,"1":4,"2":1,"3":1,"4":0,"5":1,"6":1,"7":0,"8":4,"9":2,"10":2,"11":0,"12":4,"13":5,"14":5,"15":5,"16":0,"17":4,"18":1,"19":1,"20":1,"21":1,"22":0,"23":4,"24":2,"25":2,"26":2},"f":{"0":1,"1":1,"2":0,"3":2,"4":2,"5":0,"6":5,"7":5,"8":0,"9":1,"10":1,"11":0,"12":2},"b":{"0":[0,1]},"_coverageSchema":"1a1c01bbd47fc00a2c39e90264f33305004495a9","hash":"a7443a0536001e642add8a5686acdf9e1b320f93"}
,"/home/thachlp/vent2u-mysql/app/controllers/rooms.controller.js": {"path":"/home/thachlp/vent2u-mysql/app/controllers/rooms.controller.js","statementMap":{"0":{"start":{"line":1,"column":11},"end":{"line":1,"column":31}},"1":{"start":{"line":2,"column":14},"end":{"line":2,"column":22}},"2":{"start":{"line":3,"column":14},"end":{"line":3,"column":19}},"3":{"start":{"line":5,"column":0},"end":{"line":16,"column":2}},"4":{"start":{"line":6,"column":2},"end":{"line":15,"column":9}},"5":{"start":{"line":8,"column":8},"end":{"line":8,"column":23}},"6":{"start":{"line":11,"column":8},"end":{"line":14,"column":11}},"7":{"start":{"line":18,"column":0},"end":{"line":25,"column":2}},"8":{"start":{"line":19,"column":2},"end":{"line":24,"column":9}},"9":{"start":{"line":21,"column":8},"end":{"line":21,"column":37}},"10":{"start":{"line":23,"column":8},"end":{"line":23,"column":25}},"11":{"start":{"line":27,"column":0},"end":{"line":40,"column":2}},"12":{"start":{"line":30,"column":6},"end":{"line":30,"column":16}},"13":{"start":{"line":31,"column":2},"end":{"line":35,"column":5}},"14":{"start":{"line":37,"column":2},"end":{"line":39,"column":5}}},"fnMap":{"0":{"name":"(anonymous_0)","decl":{"start":{"line":5,"column":18},"end":{"line":5,"column":19}},"loc":{"start":{"line":5,"column":32},"end":{"line":16,"column":1}},"line":5},"1":{"name":"(anonymous_1)","decl":{"start":{"line":7,"column":12},"end":{"line":7,"column":13}},"loc":{"start":{"line":7,"column":22},"end":{"line":9,"column":7}},"line":7},"2":{"name":"(anonymous_2)","decl":{"start":{"line":10,"column":13},"end":{"line":10,"column":14}},"loc":{"start":{"line":10,"column":22},"end":{"line":15,"column":7}},"line":10},"3":{"name":"(anonymous_3)","decl":{"start":{"line":18,"column":18},"end":{"line":18,"column":19}},"loc":{"start":{"line":18,"column":38},"end":{"line":25,"column":1}},"line":18},"4":{"name":"(anonymous_4)","decl":{"start":{"line":20,"column":12},"end":{"line":20,"column":13}},"loc":{"start":{"line":20,"column":24},"end":{"line":22,"column":7}},"line":20},"5":{"name":"(anonymous_5)","decl":{"start":{"line":22,"column":15},"end":{"line":22,"column":16}},"loc":{"start":{"line":22,"column":24},"end":{"line":24,"column":7}},"line":22},"6":{"name":"(anonymous_6)","decl":{"start":{"line":27,"column":21},"end":{"line":27,"column":22}},"loc":{"start":{"line":27,"column":41},"end":{"line":40,"column":1}},"line":27}},"branchMap":{"0":{"loc":{"start":{"line":12,"column":19},"end":{"line":13,"column":64}},"type":"binary-expr","locations":[{"start":{"line":12,"column":19},"end":{"line":12,"column":30}},{"start":{"line":13,"column":16},"end":{"line":13,"column":64}}],"line":12}},"s":{"0":4,"1":4,"2":4,"3":4,"4":2,"5":2,"6":0,"7":4,"8":4,"9":4,"10":0,"11":4,"12":2,"13":2,"14":2},"f":{"0":2,"1":2,"2":0,"3":4,"4":4,"5":0,"6":2},"b":{"0":[0,0]},"_coverageSchema":"1a1c01bbd47fc00a2c39e90264f33305004495a9","hash":"e52e096ec04a1829f77e11053a6b4a1ad0dce055"}
,"/home/thachlp/vent2u-mysql/app/controllers/settings.controller.js": {"path":"/home/thachlp/vent2u-mysql/app/controllers/settings.controller.js","statementMap":{"0":{"start":{"line":1,"column":11},"end":{"line":1,"column":31}},"1":{"start":{"line":2,"column":16},"end":{"line":2,"column":27}},"2":{"start":{"line":5,"column":0},"end":{"line":32,"column":2}},"3":{"start":{"line":6,"column":2},"end":{"line":11,"column":3}},"4":{"start":{"line":7,"column":4},"end":{"line":9,"column":7}},"5":{"start":{"line":10,"column":4},"end":{"line":10,"column":11}},"6":{"start":{"line":14,"column":18},"end":{"line":19,"column":3}},"7":{"start":{"line":22,"column":2},"end":{"line":31,"column":9}},"8":{"start":{"line":24,"column":8},"end":{"line":24,"column":23}},"9":{"start":{"line":27,"column":8},"end":{"line":30,"column":11}},"10":{"start":{"line":35,"column":0},"end":{"line":48,"column":2}},"11":{"start":{"line":36,"column":13},"end":{"line":36,"column":26}},"12":{"start":{"line":38,"column":2},"end":{"line":47,"column":9}},"13":{"start":{"line":40,"column":8},"end":{"line":40,"column":23}},"14":{"start":{"line":43,"column":8},"end":{"line":46,"column":11}},"15":{"start":{"line":51,"column":0},"end":{"line":63,"column":2}},"16":{"start":{"line":52,"column":13},"end":{"line":52,"column":26}},"17":{"start":{"line":54,"column":2},"end":{"line":62,"column":9}},"18":{"start":{"line":56,"column":8},"end":{"line":56,"column":23}},"19":{"start":{"line":59,"column":8},"end":{"line":61,"column":11}},"20":{"start":{"line":66,"column":0},"end":{"line":90,"column":2}},"21":{"start":{"line":67,"column":13},"end":{"line":67,"column":26}},"22":{"start":{"line":69,"column":2},"end":{"line":89,"column":9}},"23":{"start":{"line":73,"column":8},"end":{"line":83,"column":9}},"24":{"start":{"line":74,"column":10},"end":{"line":76,"column":13}},"25":{"start":{"line":78,"column":10},"end":{"line":82,"column":13}},"26":{"start":{"line":86,"column":8},"end":{"line":88,"column":11}}},"fnMap":{"0":{"name":"(anonymous_0)","decl":{"start":{"line":5,"column":17},"end":{"line":5,"column":18}},"loc":{"start":{"line":5,"column":31},"end":{"line":32,"column":1}},"line":5},"1":{"name":"(anonymous_1)","decl":{"start":{"line":23,"column":12},"end":{"line":23,"column":13}},"loc":{"start":{"line":23,"column":22},"end":{"line":25,"column":7}},"line":23},"2":{"name":"(anonymous_2)","decl":{"start":{"line":26,"column":13},"end":{"line":26,"column":14}},"loc":{"start":{"line":26,"column":22},"end":{"line":31,"column":7}},"line":26},"3":{"name":"(anonymous_3)","decl":{"start":{"line":35,"column":18},"end":{"line":35,"column":19}},"loc":{"start":{"line":35,"column":32},"end":{"line":48,"column":1}},"line":35},"4":{"name":"(anonymous_4)","decl":{"start":{"line":39,"column":12},"end":{"line":39,"column":13}},"loc":{"start":{"line":39,"column":22},"end":{"line":41,"column":7}},"line":39},"5":{"name":"(anonymous_5)","decl":{"start":{"line":42,"column":13},"end":{"line":42,"column":14}},"loc":{"start":{"line":42,"column":22},"end":{"line":47,"column":7}},"line":42},"6":{"name":"(anonymous_6)","decl":{"start":{"line":51,"column":18},"end":{"line":51,"column":19}},"loc":{"start":{"line":51,"column":32},"end":{"line":63,"column":1}},"line":51},"7":{"name":"(anonymous_7)","decl":{"start":{"line":55,"column":12},"end":{"line":55,"column":13}},"loc":{"start":{"line":55,"column":22},"end":{"line":57,"column":7}},"line":55},"8":{"name":"(anonymous_8)","decl":{"start":{"line":58,"column":13},"end":{"line":58,"column":14}},"loc":{"start":{"line":58,"column":22},"end":{"line":62,"column":7}},"line":58},"9":{"name":"(anonymous_9)","decl":{"start":{"line":66,"column":17},"end":{"line":66,"column":18}},"loc":{"start":{"line":66,"column":31},"end":{"line":90,"column":1}},"line":66},"10":{"name":"(anonymous_10)","decl":{"start":{"line":72,"column":12},"end":{"line":72,"column":13}},"loc":{"start":{"line":72,"column":21},"end":{"line":84,"column":7}},"line":72},"11":{"name":"(anonymous_11)","decl":{"start":{"line":85,"column":13},"end":{"line":85,"column":14}},"loc":{"start":{"line":85,"column":22},"end":{"line":89,"column":7}},"line":85}},"branchMap":{"0":{"loc":{"start":{"line":6,"column":2},"end":{"line":11,"column":3}},"type":"if","locations":[{"start":{"line":6,"column":2},"end":{"line":11,"column":3}},{"start":{"line":6,"column":2},"end":{"line":11,"column":3}}],"line":6},"1":{"loc":{"start":{"line":28,"column":19},"end":{"line":29,"column":78}},"type":"binary-expr","locations":[{"start":{"line":28,"column":19},"end":{"line":28,"column":30}},{"start":{"line":29,"column":20},"end":{"line":29,"column":78}}],"line":28},"2":{"loc":{"start":{"line":44,"column":19},"end":{"line":45,"column":76}},"type":"binary-expr","locations":[{"start":{"line":44,"column":19},"end":{"line":44,"column":30}},{"start":{"line":45,"column":20},"end":{"line":45,"column":76}}],"line":44},"3":{"loc":{"start":{"line":73,"column":8},"end":{"line":83,"column":9}},"type":"if","locations":[{"start":{"line":73,"column":8},"end":{"line":83,"column":9}},{"start":{"line":73,"column":8},"end":{"line":83,"column":9}}],"line":73}},"s":{"0":4,"1":4,"2":4,"3":0,"4":0,"5":0,"6":0,"7":0,"8":0,"9":0,"10":4,"11":0,"12":0,"13":0,"14":0,"15":4,"16":0,"17":0,"18":0,"19":0,"20":4,"21":0,"22":0,"23":0,"24":0,"25":0,"26":0},"f":{"0":0,"1":0,"2":0,"3":0,"4":0,"5":0,"6":0,"7":0,"8":0,"9":0,"10":0,"11":0},"b":{"0":[0,0],"1":[0,0],"2":[0,0],"3":[0,0]},"_coverageSchema":"1a1c01bbd47fc00a2c39e90264f33305004495a9","hash":"ef084b1f882900ebd925d68dee840147d3372642"}
,"/home/thachlp/vent2u-mysql/app/controllers/users.controller.js": {"path":"/home/thachlp/vent2u-mysql/app/controllers/users.controller.js","statementMap":{"0":{"start":{"line":1,"column":11},"end":{"line":1,"column":31}},"1":{"start":{"line":2,"column":14},"end":{"line":2,"column":22}},"2":{"start":{"line":3,"column":15},"end":{"line":3,"column":32}},"3":{"start":{"line":5,"column":0},"end":{"line":33,"column":2}},"4":{"start":{"line":6,"column":2},"end":{"line":11,"column":3}},"5":{"start":{"line":7,"column":4},"end":{"line":9,"column":7}},"6":{"start":{"line":10,"column":4},"end":{"line":10,"column":11}},"7":{"start":{"line":12,"column":15},"end":{"line":15,"column":3}},"8":{"start":{"line":16,"column":2},"end":{"line":32,"column":5}},"9":{"start":{"line":17,"column":4},"end":{"line":31,"column":7}},"10":{"start":{"line":18,"column":6},"end":{"line":20,"column":7}},"11":{"start":{"line":19,"column":8},"end":{"line":19,"column":25}},"12":{"start":{"line":21,"column":6},"end":{"line":21,"column":27}},"13":{"start":{"line":22,"column":6},"end":{"line":30,"column":13}},"14":{"start":{"line":23,"column":8},"end":{"line":23,"column":23}},"15":{"start":{"line":26,"column":12},"end":{"line":29,"column":15}},"16":{"start":{"line":35,"column":0},"end":{"line":47,"column":2}},"17":{"start":{"line":36,"column":19},"end":{"line":36,"column":38}},"18":{"start":{"line":37,"column":2},"end":{"line":46,"column":9}},"19":{"start":{"line":39,"column":8},"end":{"line":39,"column":23}},"20":{"start":{"line":42,"column":8},"end":{"line":45,"column":11}}},"fnMap":{"0":{"name":"(anonymous_0)","decl":{"start":{"line":5,"column":17},"end":{"line":5,"column":18}},"loc":{"start":{"line":5,"column":31},"end":{"line":33,"column":1}},"line":5},"1":{"name":"(anonymous_1)","decl":{"start":{"line":16,"column":21},"end":{"line":16,"column":22}},"loc":{"start":{"line":16,"column":41},"end":{"line":32,"column":3}},"line":16},"2":{"name":"(anonymous_2)","decl":{"start":{"line":17,"column":37},"end":{"line":17,"column":38}},"loc":{"start":{"line":17,"column":57},"end":{"line":31,"column":5}},"line":17},"3":{"name":"(anonymous_3)","decl":{"start":{"line":22,"column":30},"end":{"line":22,"column":31}},"loc":{"start":{"line":22,"column":40},"end":{"line":24,"column":7}},"line":22},"4":{"name":"(anonymous_4)","decl":{"start":{"line":25,"column":17},"end":{"line":25,"column":18}},"loc":{"start":{"line":25,"column":26},"end":{"line":30,"column":11}},"line":25},"5":{"name":"(anonymous_5)","decl":{"start":{"line":35,"column":18},"end":{"line":35,"column":19}},"loc":{"start":{"line":35,"column":32},"end":{"line":47,"column":1}},"line":35},"6":{"name":"(anonymous_6)","decl":{"start":{"line":38,"column":12},"end":{"line":38,"column":13}},"loc":{"start":{"line":38,"column":22},"end":{"line":40,"column":7}},"line":38},"7":{"name":"(anonymous_7)","decl":{"start":{"line":41,"column":13},"end":{"line":41,"column":14}},"loc":{"start":{"line":41,"column":22},"end":{"line":46,"column":7}},"line":41}},"branchMap":{"0":{"loc":{"start":{"line":6,"column":2},"end":{"line":11,"column":3}},"type":"if","locations":[{"start":{"line":6,"column":2},"end":{"line":11,"column":3}},{"start":{"line":6,"column":2},"end":{"line":11,"column":3}}],"line":6},"1":{"loc":{"start":{"line":18,"column":6},"end":{"line":20,"column":7}},"type":"if","locations":[{"start":{"line":18,"column":6},"end":{"line":20,"column":7}},{"start":{"line":18,"column":6},"end":{"line":20,"column":7}}],"line":18},"2":{"loc":{"start":{"line":27,"column":23},"end":{"line":28,"column":64}},"type":"binary-expr","locations":[{"start":{"line":27,"column":23},"end":{"line":27,"column":34}},{"start":{"line":28,"column":14},"end":{"line":28,"column":64}}],"line":27},"3":{"loc":{"start":{"line":43,"column":19},"end":{"line":44,"column":58}},"type":"binary-expr","locations":[{"start":{"line":43,"column":19},"end":{"line":43,"column":30}},{"start":{"line":44,"column":10},"end":{"line":44,"column":58}}],"line":43}},"s":{"0":4,"1":4,"2":4,"3":4,"4":0,"5":0,"6":0,"7":0,"8":0,"9":0,"10":0,"11":0,"12":0,"13":0,"14":0,"15":0,"16":4,"17":0,"18":0,"19":0,"20":0},"f":{"0":0,"1":0,"2":0,"3":0,"4":0,"5":0,"6":0,"7":0},"b":{"0":[0,0],"1":[0,0],"2":[0,0],"3":[0,0]},"_coverageSchema":"1a1c01bbd47fc00a2c39e90264f33305004495a9","hash":"18cb5e3622d47ae23d7c947bb50c35d97e49f64f"}
,"/home/thachlp/vent2u-mysql/app/models/climateZone.model.js": {"path":"/home/thachlp/vent2u-mysql/app/models/climateZone.model.js","statementMap":{"0":{"start":{"line":1,"column":0},"end":{"line":18,"column":2}},"1":{"start":{"line":2,"column":24},"end":{"line":15,"column":6}},"2":{"start":{"line":17,"column":4},"end":{"line":17,"column":23}}},"fnMap":{"0":{"name":"(anonymous_0)","decl":{"start":{"line":1,"column":17},"end":{"line":1,"column":18}},"loc":{"start":{"line":1,"column":43},"end":{"line":18,"column":1}},"line":1}},"branchMap":{},"s":{"0":4,"1":4,"2":4},"f":{"0":4},"b":{},"_coverageSchema":"1a1c01bbd47fc00a2c39e90264f33305004495a9","hash":"5bda702ad940422bf8ec7307a4382ae855e34c70"}
,"/home/thachlp/vent2u-mysql/app/models/index.js": {"path":"/home/thachlp/vent2u-mysql/app/models/index.js","statementMap":{"0":{"start":{"line":1,"column":18},"end":{"line":1,"column":38}},"1":{"start":{"line":2,"column":18},"end":{"line":7,"column":2}},"2":{"start":{"line":9,"column":11},"end":{"line":9,"column":13}},"3":{"start":{"line":11,"column":0},"end":{"line":11,"column":25}},"4":{"start":{"line":12,"column":0},"end":{"line":12,"column":25}},"5":{"start":{"line":14,"column":0},"end":{"line":14,"column":67}},"6":{"start":{"line":15,"column":0},"end":{"line":15,"column":61}},"7":{"start":{"line":16,"column":0},"end":{"line":16,"column":61}},"8":{"start":{"line":17,"column":0},"end":{"line":17,"column":73}},"9":{"start":{"line":18,"column":0},"end":{"line":18,"column":64}},"10":{"start":{"line":20,"column":0},"end":{"line":20,"column":20}}},"fnMap":{},"branchMap":{"0":{"loc":{"start":{"line":6,"column":13},"end":{"line":6,"column":57}},"type":"cond-expr","locations":[{"start":{"line":6,"column":46},"end":{"line":6,"column":51}},{"start":{"line":6,"column":53},"end":{"line":6,"column":57}}],"line":6}},"s":{"0":4,"1":4,"2":4,"3":4,"4":4,"5":4,"6":4,"7":4,"8":4,"9":4,"10":4},"f":{},"b":{"0":[4,0]},"_coverageSchema":"1a1c01bbd47fc00a2c39e90264f33305004495a9","hash":"53f47dfcaac816bf986e9ad3e2e3ec88f831a750"}
,"/home/thachlp/vent2u-mysql/app/models/presets.model.js": {"path":"/home/thachlp/vent2u-mysql/app/models/presets.model.js","statementMap":{"0":{"start":{"line":1,"column":0},"end":{"line":26,"column":2}},"1":{"start":{"line":2,"column":19},"end":{"line":23,"column":6}},"2":{"start":{"line":25,"column":4},"end":{"line":25,"column":18}}},"fnMap":{"0":{"name":"(anonymous_0)","decl":{"start":{"line":1,"column":17},"end":{"line":1,"column":18}},"loc":{"start":{"line":1,"column":43},"end":{"line":26,"column":1}},"line":1}},"branchMap":{},"s":{"0":4,"1":4,"2":4},"f":{"0":4},"b":{},"_coverageSchema":"1a1c01bbd47fc00a2c39e90264f33305004495a9","hash":"d2344f253e4d28431432c796d205405e9ef3e83a"}
,"/home/thachlp/vent2u-mysql/app/models/rooms.model.js": {"path":"/home/thachlp/vent2u-mysql/app/models/rooms.model.js","statementMap":{"0":{"start":{"line":1,"column":0},"end":{"line":13,"column":2}},"1":{"start":{"line":2,"column":17},"end":{"line":10,"column":6}},"2":{"start":{"line":12,"column":4},"end":{"line":12,"column":16}}},"fnMap":{"0":{"name":"(anonymous_0)","decl":{"start":{"line":1,"column":17},"end":{"line":1,"column":18}},"loc":{"start":{"line":1,"column":43},"end":{"line":13,"column":1}},"line":1}},"branchMap":{},"s":{"0":4,"1":4,"2":4},"f":{"0":4},"b":{},"_coverageSchema":"1a1c01bbd47fc00a2c39e90264f33305004495a9","hash":"46802aa852168e1fa705c44497c0a746a177d349"}
,"/home/thachlp/vent2u-mysql/app/models/settings.model.js": {"path":"/home/thachlp/vent2u-mysql/app/models/settings.model.js","statementMap":{"0":{"start":{"line":1,"column":0},"end":{"line":29,"column":2}},"1":{"start":{"line":2,"column":20},"end":{"line":26,"column":6}},"2":{"start":{"line":28,"column":4},"end":{"line":28,"column":19}}},"fnMap":{"0":{"name":"(anonymous_0)","decl":{"start":{"line":1,"column":17},"end":{"line":1,"column":18}},"loc":{"start":{"line":1,"column":43},"end":{"line":29,"column":1}},"line":1}},"branchMap":{},"s":{"0":4,"1":4,"2":4},"f":{"0":4},"b":{},"_coverageSchema":"1a1c01bbd47fc00a2c39e90264f33305004495a9","hash":"74553f50dfa45401b2eee25b561fec0948e3b831"}
,"/home/thachlp/vent2u-mysql/app/models/users.model.js": {"path":"/home/thachlp/vent2u-mysql/app/models/users.model.js","statementMap":{"0":{"start":{"line":1,"column":0},"end":{"line":21,"column":2}},"1":{"start":{"line":2,"column":21},"end":{"line":18,"column":6}},"2":{"start":{"line":20,"column":4},"end":{"line":20,"column":20}}},"fnMap":{"0":{"name":"(anonymous_0)","decl":{"start":{"line":1,"column":17},"end":{"line":1,"column":18}},"loc":{"start":{"line":1,"column":43},"end":{"line":21,"column":1}},"line":1}},"branchMap":{},"s":{"0":4,"1":4,"2":4},"f":{"0":4},"b":{},"_coverageSchema":"1a1c01bbd47fc00a2c39e90264f33305004495a9","hash":"ec657d9e57462b5071c2a6c40911644520ae01c5"}
,"/home/thachlp/vent2u-mysql/app/routes/settings.routes.js": {"path":"/home/thachlp/vent2u-mysql/app/routes/settings.routes.js","statementMap":{"0":{"start":{"line":1,"column":0},"end":{"line":16,"column":2}},"1":{"start":{"line":2,"column":21},"end":{"line":2,"column":69}},"2":{"start":{"line":4,"column":17},"end":{"line":4,"column":44}},"3":{"start":{"line":7,"column":4},"end":{"line":7,"column":38}},"4":{"start":{"line":10,"column":4},"end":{"line":10,"column":41}},"5":{"start":{"line":13,"column":4},"end":{"line":13,"column":43}},"6":{"start":{"line":15,"column":4},"end":{"line":15,"column":37}}},"fnMap":{"0":{"name":"(anonymous_0)","decl":{"start":{"line":1,"column":17},"end":{"line":1,"column":18}},"loc":{"start":{"line":1,"column":24},"end":{"line":16,"column":1}},"line":1}},"branchMap":{},"s":{"0":4,"1":4,"2":4,"3":4,"4":4,"5":4,"6":4},"f":{"0":4},"b":{},"_coverageSchema":"1a1c01bbd47fc00a2c39e90264f33305004495a9","hash":"81e368f53da43247171f9f8c7954bac3617ab75a"}
,"/home/thachlp/vent2u-mysql/app/routes/climate_zones_routes/climateZones.routes.js": {"path":"/home/thachlp/vent2u-mysql/app/routes/climate_zones_routes/climateZones.routes.js","statementMap":{"0":{"start":{"line":2,"column":21},"end":{"line":2,"column":76}},"1":{"start":{"line":4,"column":0},"end":{"line":125,"column":2}},"2":{"start":{"line":5,"column":17},"end":{"line":5,"column":44}},"3":{"start":{"line":34,"column":2},"end":{"line":36,"column":39}},"4":{"start":{"line":58,"column":2},"end":{"line":60,"column":43}},"5":{"start":{"line":76,"column":2},"end":{"line":76,"column":52}},"6":{"start":{"line":100,"column":2},"end":{"line":100,"column":60}},"7":{"start":{"line":122,"column":2},"end":{"line":122,"column":80}},"8":{"start":{"line":124,"column":2},"end":{"line":124,"column":27}}},"fnMap":{"0":{"name":"(anonymous_0)","decl":{"start":{"line":4,"column":17},"end":{"line":4,"column":18}},"loc":{"start":{"line":4,"column":26},"end":{"line":125,"column":1}},"line":4}},"branchMap":{},"s":{"0":4,"1":4,"2":4,"3":4,"4":4,"5":4,"6":4,"7":4,"8":4},"f":{"0":4},"b":{},"_coverageSchema":"1a1c01bbd47fc00a2c39e90264f33305004495a9","hash":"75ac8d97c0319b8a4be528eaafd6a214bc4e6d97"}
,"/home/thachlp/vent2u-mysql/app/routes/presets_routes/presets.routes.js": {"path":"/home/thachlp/vent2u-mysql/app/routes/presets_routes/presets.routes.js","statementMap":{"0":{"start":{"line":1,"column":0},"end":{"line":131,"column":2}},"1":{"start":{"line":2,"column":18},"end":{"line":2,"column":68}},"2":{"start":{"line":3,"column":17},"end":{"line":3,"column":44}},"3":{"start":{"line":26,"column":2},"end":{"line":26,"column":35}},"4":{"start":{"line":48,"column":2},"end":{"line":48,"column":50}},"5":{"start":{"line":76,"column":2},"end":{"line":76,"column":38}},"6":{"start":{"line":106,"column":2},"end":{"line":106,"column":49}},"7":{"start":{"line":128,"column":2},"end":{"line":128,"column":52}},"8":{"start":{"line":130,"column":2},"end":{"line":130,"column":35}}},"fnMap":{"0":{"name":"(anonymous_0)","decl":{"start":{"line":1,"column":17},"end":{"line":1,"column":18}},"loc":{"start":{"line":1,"column":26},"end":{"line":131,"column":1}},"line":1}},"branchMap":{},"s":{"0":4,"1":4,"2":4,"3":4,"4":4,"5":4,"6":4,"7":4,"8":4},"f":{"0":4},"b":{},"_coverageSchema":"1a1c01bbd47fc00a2c39e90264f33305004495a9","hash":"9d1e886772abc8b5ca751e1140308e1ceff90448"}
,"/home/thachlp/vent2u-mysql/app/routes/rooms_routes/rooms.routes.js": {"path":"/home/thachlp/vent2u-mysql/app/routes/rooms_routes/rooms.routes.js","statementMap":{"0":{"start":{"line":1,"column":0},"end":{"line":67,"column":2}},"1":{"start":{"line":2,"column":16},"end":{"line":2,"column":64}},"2":{"start":{"line":3,"column":17},"end":{"line":3,"column":44}},"3":{"start":{"line":26,"column":2},"end":{"line":26,"column":33}},"4":{"start":{"line":42,"column":2},"end":{"line":42,"column":34}},"5":{"start":{"line":64,"column":2},"end":{"line":64,"column":42}},"6":{"start":{"line":66,"column":2},"end":{"line":66,"column":32}}},"fnMap":{"0":{"name":"(anonymous_0)","decl":{"start":{"line":1,"column":17},"end":{"line":1,"column":18}},"loc":{"start":{"line":1,"column":26},"end":{"line":67,"column":1}},"line":1}},"branchMap":{},"s":{"0":4,"1":4,"2":4,"3":4,"4":4,"5":4,"6":4},"f":{"0":4},"b":{},"_coverageSchema":"1a1c01bbd47fc00a2c39e90264f33305004495a9","hash":"57e69896368e3d9e83b5606e6fbbf9936c5c39d3"}
,"/home/thachlp/vent2u-mysql/app/routes/users_routes/users.routes.js": {"path":"/home/thachlp/vent2u-mysql/app/routes/users_routes/users.routes.js","statementMap":{"0":{"start":{"line":1,"column":0},"end":{"line":59,"column":2}},"1":{"start":{"line":2,"column":16},"end":{"line":2,"column":64}},"2":{"start":{"line":3,"column":17},"end":{"line":3,"column":44}},"3":{"start":{"line":35,"column":2},"end":{"line":35,"column":33}},"4":{"start":{"line":57,"column":2},"end":{"line":57,"column":42}},"5":{"start":{"line":58,"column":2},"end":{"line":58,"column":32}}},"fnMap":{"0":{"name":"(anonymous_0)","decl":{"start":{"line":1,"column":17},"end":{"line":1,"column":18}},"loc":{"start":{"line":1,"column":26},"end":{"line":59,"column":1}},"line":1}},"branchMap":{},"s":{"0":4,"1":4,"2":4,"3":4,"4":4,"5":4},"f":{"0":4},"b":{},"_coverageSchema":"1a1c01bbd47fc00a2c39e90264f33305004495a9","hash":"1f84d4478f0d8a7e18dc91d5b5bbd1ff8669be48"}
}
