TN:
SF:app.js
FN:22,(anonymous_0)
FNF:1
FNH:1
FNDA:1,(anonymous_0)
DA:1,4
DA:2,4
DA:3,4
DA:4,4
DA:5,4
DA:6,4
DA:7,4
DA:8,4
DA:10,4
DA:12,4
DA:13,4
DA:15,4
DA:17,4
DA:20,4
DA:22,4
DA:23,1
DA:28,4
DA:29,4
DA:30,4
DA:31,4
DA:32,4
DA:34,4
LF:22
LH:22
BRF:0
BRH:0
end_of_record
TN:
SF:swagger.options.js
FNF:0
FNH:0
DA:2,4
DA:19,4
LF:2
LH:2
BRF:0
BRH:0
end_of_record
TN:
SF:app/controllers/climateZones.controller.js
FN:4,(anonymous_0)
FN:14,(anonymous_1)
FN:16,(anonymous_2)
FN:23,(anonymous_3)
FN:35,(anonymous_4)
FN:37,(anonymous_5)
FN:44,(anonymous_6)
FN:45,(anonymous_7)
FN:47,(anonymous_8)
FN:54,(anonymous_9)
FN:67,(anonymous_10)
FN:75,(anonymous_11)
FN:79,(anonymous_12)
FNF:13
FNH:9
FNDA:1,(anonymous_0)
FNDA:1,(anonymous_1)
FNDA:0,(anonymous_2)
FNDA:1,(anonymous_3)
FNDA:1,(anonymous_4)
FNDA:0,(anonymous_5)
FNDA:2,(anonymous_6)
FNDA:2,(anonymous_7)
FNDA:0,(anonymous_8)
FNDA:7,(anonymous_9)
FNDA:2,(anonymous_10)
FNDA:2,(anonymous_11)
FNDA:0,(anonymous_12)
DA:2,4
DA:4,4
DA:7,1
DA:8,1
DA:9,0
DA:14,1
DA:15,1
DA:17,0
DA:23,4
DA:24,1
DA:25,1
DA:26,0
DA:31,1
DA:36,1
DA:38,0
DA:44,4
DA:45,2
DA:46,2
DA:48,0
DA:54,4
DA:57,7
DA:58,7
DA:59,1
DA:60,1
DA:62,6
DA:63,6
DA:64,6
DA:67,4
DA:70,2
DA:71,2
DA:76,2
DA:80,0
LF:32
LH:26
BRDA:8,0,0,0
BRDA:8,0,1,1
BRDA:25,1,0,0
BRDA:25,1,1,1
BRDA:58,2,0,1
BRDA:58,2,1,6
BRF:6
BRH:4
end_of_record
TN:
SF:app/controllers/presets.controller.js
FN:4,(anonymous_0)
FN:12,(anonymous_1)
FN:14,(anonymous_2)
FN:42,(anonymous_3)
FN:43,(anonymous_4)
FN:45,(anonymous_5)
FN:52,(anonymous_6)
FN:63,(anonymous_7)
FN:65,(anonymous_8)
FN:70,(anonymous_9)
FN:80,(anonymous_10)
FN:82,(anonymous_11)
FN:87,(anonymous_12)
FNF:13
FNH:9
FNDA:1,(anonymous_0)
FNDA:1,(anonymous_1)
FNDA:0,(anonymous_2)
FNDA:2,(anonymous_3)
FNDA:2,(anonymous_4)
FNDA:0,(anonymous_5)
FNDA:5,(anonymous_6)
FNDA:5,(anonymous_7)
FNDA:0,(anonymous_8)
FNDA:1,(anonymous_9)
FNDA:1,(anonymous_10)
FNDA:0,(anonymous_11)
FNDA:2,(anonymous_12)
DA:2,4
DA:4,4
DA:5,1
DA:6,1
DA:7,0
DA:12,1
DA:13,1
DA:15,0
DA:42,4
DA:43,2
DA:44,2
DA:46,0
DA:52,4
DA:57,5
DA:58,5
DA:64,5
DA:66,0
DA:70,4
DA:73,1
DA:75,1
DA:76,1
DA:81,1
DA:83,0
DA:87,4
DA:90,2
DA:91,2
DA:97,2
LF:27
LH:22
BRDA:6,0,0,0
BRDA:6,0,1,1
BRF:2
BRH:1
end_of_record
TN:
SF:app/controllers/rooms.controller.js
FN:5,(anonymous_0)
FN:7,(anonymous_1)
FN:10,(anonymous_2)
FN:18,(anonymous_3)
FN:20,(anonymous_4)
FN:22,(anonymous_5)
FN:27,(anonymous_6)
FNF:7
FNH:5
FNDA:2,(anonymous_0)
FNDA:2,(anonymous_1)
FNDA:0,(anonymous_2)
FNDA:4,(anonymous_3)
FNDA:4,(anonymous_4)
FNDA:0,(anonymous_5)
FNDA:2,(anonymous_6)
DA:1,4
DA:2,4
DA:3,4
DA:5,4
DA:6,2
DA:8,2
DA:11,0
DA:18,4
DA:19,4
DA:21,4
DA:23,0
DA:27,4
DA:30,2
DA:31,2
DA:37,2
LF:15
LH:13
BRDA:12,0,0,0
BRDA:12,0,1,0
BRF:2
BRH:0
end_of_record
TN:
SF:app/controllers/settings.controller.js
FN:5,(anonymous_0)
FN:23,(anonymous_1)
FN:26,(anonymous_2)
FN:35,(anonymous_3)
FN:39,(anonymous_4)
FN:42,(anonymous_5)
FN:51,(anonymous_6)
FN:55,(anonymous_7)
FN:58,(anonymous_8)
FN:66,(anonymous_9)
FN:72,(anonymous_10)
FN:85,(anonymous_11)
FNF:12
FNH:0
FNDA:0,(anonymous_0)
FNDA:0,(anonymous_1)
FNDA:0,(anonymous_2)
FNDA:0,(anonymous_3)
FNDA:0,(anonymous_4)
FNDA:0,(anonymous_5)
FNDA:0,(anonymous_6)
FNDA:0,(anonymous_7)
FNDA:0,(anonymous_8)
FNDA:0,(anonymous_9)
FNDA:0,(anonymous_10)
FNDA:0,(anonymous_11)
DA:1,4
DA:2,4
DA:5,4
DA:6,0
DA:7,0
DA:10,0
DA:14,0
DA:22,0
DA:24,0
DA:27,0
DA:35,4
DA:36,0
DA:38,0
DA:40,0
DA:43,0
DA:51,4
DA:52,0
DA:54,0
DA:56,0
DA:59,0
DA:66,4
DA:67,0
DA:69,0
DA:73,0
DA:74,0
DA:78,0
DA:86,0
LF:27
LH:6
BRDA:6,0,0,0
BRDA:6,0,1,0
BRDA:28,1,0,0
BRDA:28,1,1,0
BRDA:44,2,0,0
BRDA:44,2,1,0
BRDA:73,3,0,0
BRDA:73,3,1,0
BRF:8
BRH:0
end_of_record
TN:
SF:app/controllers/users.controller.js
FN:5,(anonymous_0)
FN:16,(anonymous_1)
FN:17,(anonymous_2)
FN:22,(anonymous_3)
FN:25,(anonymous_4)
FN:35,(anonymous_5)
FN:38,(anonymous_6)
FN:41,(anonymous_7)
FNF:8
FNH:0
FNDA:0,(anonymous_0)
FNDA:0,(anonymous_1)
FNDA:0,(anonymous_2)
FNDA:0,(anonymous_3)
FNDA:0,(anonymous_4)
FNDA:0,(anonymous_5)
FNDA:0,(anonymous_6)
FNDA:0,(anonymous_7)
DA:1,4
DA:2,4
DA:3,4
DA:5,4
DA:6,0
DA:7,0
DA:10,0
DA:12,0
DA:16,0
DA:17,0
DA:18,0
DA:19,0
DA:21,0
DA:22,0
DA:23,0
DA:26,0
DA:35,4
DA:36,0
DA:37,0
DA:39,0
DA:42,0
LF:21
LH:5
BRDA:6,0,0,0
BRDA:6,0,1,0
BRDA:18,1,0,0
BRDA:18,1,1,0
BRDA:27,2,0,0
BRDA:27,2,1,0
BRDA:43,3,0,0
BRDA:43,3,1,0
BRF:8
BRH:0
end_of_record
TN:
SF:app/models/climateZone.model.js
FN:1,(anonymous_0)
FNF:1
FNH:1
FNDA:4,(anonymous_0)
DA:1,4
DA:2,4
DA:17,4
LF:3
LH:3
BRF:0
BRH:0
end_of_record
TN:
SF:app/models/index.js
FNF:0
FNH:0
DA:1,4
DA:2,4
DA:9,4
DA:11,4
DA:12,4
DA:14,4
DA:15,4
DA:16,4
DA:17,4
DA:18,4
DA:20,4
LF:11
LH:11
BRDA:6,0,0,4
BRDA:6,0,1,0
BRF:2
BRH:1
end_of_record
TN:
SF:app/models/presets.model.js
FN:1,(anonymous_0)
FNF:1
FNH:1
FNDA:4,(anonymous_0)
DA:1,4
DA:2,4
DA:25,4
LF:3
LH:3
BRF:0
BRH:0
end_of_record
TN:
SF:app/models/rooms.model.js
FN:1,(anonymous_0)
FNF:1
FNH:1
FNDA:4,(anonymous_0)
DA:1,4
DA:2,4
DA:12,4
LF:3
LH:3
BRF:0
BRH:0
end_of_record
TN:
SF:app/models/settings.model.js
FN:1,(anonymous_0)
FNF:1
FNH:1
FNDA:4,(anonymous_0)
DA:1,4
DA:2,4
DA:28,4
LF:3
LH:3
BRF:0
BRH:0
end_of_record
TN:
SF:app/models/users.model.js
FN:1,(anonymous_0)
FNF:1
FNH:1
FNDA:4,(anonymous_0)
DA:1,4
DA:2,4
DA:20,4
LF:3
LH:3
BRF:0
BRH:0
end_of_record
TN:
SF:app/routes/settings.routes.js
FN:1,(anonymous_0)
FNF:1
FNH:1
FNDA:4,(anonymous_0)
DA:1,4
DA:2,4
DA:4,4
DA:7,4
DA:10,4
DA:13,4
DA:15,4
LF:7
LH:7
BRF:0
BRH:0
end_of_record
TN:
SF:app/routes/climate_zones_routes/climateZones.routes.js
FN:4,(anonymous_0)
FNF:1
FNH:1
FNDA:4,(anonymous_0)
DA:2,4
DA:4,4
DA:5,4
DA:34,4
DA:58,4
DA:76,4
DA:100,4
DA:122,4
DA:124,4
LF:9
LH:9
BRF:0
BRH:0
end_of_record
TN:
SF:app/routes/presets_routes/presets.routes.js
FN:1,(anonymous_0)
FNF:1
FNH:1
FNDA:4,(anonymous_0)
DA:1,4
DA:2,4
DA:3,4
DA:26,4
DA:48,4
DA:76,4
DA:106,4
DA:128,4
DA:130,4
LF:9
LH:9
BRF:0
BRH:0
end_of_record
TN:
SF:app/routes/rooms_routes/rooms.routes.js
FN:1,(anonymous_0)
FNF:1
FNH:1
FNDA:4,(anonymous_0)
DA:1,4
DA:2,4
DA:3,4
DA:26,4
DA:42,4
DA:64,4
DA:66,4
LF:7
LH:7
BRF:0
BRH:0
end_of_record
TN:
SF:app/routes/users_routes/users.routes.js
FN:1,(anonymous_0)
FNF:1
FNH:1
FNDA:4,(anonymous_0)
DA:1,4
DA:2,4
DA:3,4
DA:35,4
DA:57,4
DA:58,4
LF:6
LH:6
BRF:0
BRH:0
end_of_record
